D:\GIT PROJECTS\DATASTRUCTURES\DATASTRUCTURES\DEBUG\LINKEDLIST.OBJ
D:\GIT PROJECTS\DATASTRUCTURES\DATASTRUCTURES\DEBUG\MAIN.OBJ
D:\GIT PROJECTS\DATASTRUCTURES\DATASTRUCTURES\DEBUG\VC110.PDB
D:\GIT PROJECTS\DATASTRUCTURES\DEBUG\DATASTRUCTURES.ILK
D:\GIT PROJECTS\DATASTRUCTURES\DEBUG\DATASTRUCTURES.EXE
D:\GIT PROJECTS\DATASTRUCTURES\DEBUG\DATASTRUCTURES.PDB
D:\Git Projects\DataStructures\DataStructures\Debug\LinkedList.obj
D:\Git Projects\DataStructures\DataStructures\Debug\main.obj
D:\Git Projects\DataStructures\DataStructures\Debug\cl.command.1.tlog
D:\Git Projects\DataStructures\DataStructures\Debug\CL.read.1.tlog
D:\Git Projects\DataStructures\DataStructures\Debug\CL.write.1.tlog
D:\Git Projects\DataStructures\DataStructures\Debug\link-cvtres.read.1.tlog
D:\Git Projects\DataStructures\DataStructures\Debug\link-cvtres.write.1.tlog
D:\Git Projects\DataStructures\DataStructures\Debug\link-rc.read.1.tlog
D:\Git Projects\DataStructures\DataStructures\Debug\link-rc.write.1.tlog
D:\Git Projects\DataStructures\DataStructures\Debug\link.command.1.tlog
D:\Git Projects\DataStructures\DataStructures\Debug\link.read.1.tlog
D:\Git Projects\DataStructures\DataStructures\Debug\link.write.1.tlog
D:\Git Projects\DataStructures\DataStructures\Debug\vc110.idb
D:\Git Projects\DataStructures\DataStructures\Debug\vc110.pdb
D:\Git Projects\DataStructures\Debug\DataStructures.pdb
D:\Git Projects\DataStructures\Debug\DataStructures.exe
D:\Git Projects\DataStructures\Debug\DataStructures.ilk
